SOUFI,08/10/06,16:52:49,16:53:54,0:1:5,1,GreenTag,E:\Mes Projets\GreenTag\GreenTag.WDP
SOUFI,08/10/06,16:51:45,16:55:15,0:3:30,7,Procedures globales de GreenTag,E:\Mes Projets\GreenTag\Procedures globales de GreenTag.wdg
SOUFI,08/10/06,16:51:22,16:55:16,0:3:54,1,GreenTag,E:\Mes Projets\GreenTag\GreenTag.WDP
SOUFI,08/10/06,16:57:18,16:57:29,0:0:11,1,GreenTag,E:\Mes Projets\GreenTag\GreenTag.WDP
SOUFI,08/10/06,16:57:49,16:58:22,0:0:33,1,GreenTag,E:\Mes Projets\GreenTag\GreenTag.WDP
SOUFI,08/10/06,16:58:22,16:59:43,0:1:21,2,FEN_TagAFile,E:\Mes Projets\GreenTag\FEN_TagAFile.wdw
SOUFI,08/10/06,16:58:22,17:00:18,0:1:56,2,FEN_TagAFile,E:\Mes Projets\GreenTag\FEN_TagAFile.wdw
SOUFI,08/10/06,17:00:38,17:02:09,0:1:31,2,FEN_TagAFile,E:\Mes Projets\GreenTag\FEN_TagAFile.wdw
SOUFI,08/10/06,17:00:38,17:04:49,0:4:11,2,FEN_TagAFile,E:\Mes Projets\GreenTag\FEN_TagAFile.wdw
SOUFI,08/10/06,16:57:14,17:05:08,0:7:54,7,Procedures globales de GreenTag,E:\Mes Projets\GreenTag\Procedures globales de GreenTag.wdg
SOUFI,08/10/06,17:04:49,17:05:08,0:0:19,1,GreenTag,E:\Mes Projets\GreenTag\GreenTag.WDP
SOUFI,08/10/06,16:57:13,17:05:08,0:7:55,1,GreenTag,E:\Mes Projets\GreenTag\GreenTag.WDP
SOUFI,08/10/06,17:05:53,17:07:00,0:1:7,2,FEN_TagAFile,E:\Mes Projets\GreenTag\FEN_TagAFile.wdw
SOUFI,08/10/06,17:05:44,17:07:00,0:1:16,2,FEN_TagAFile,E:\Mes Projets\GreenTag\FEN_TagAFile.wdw
SOUFI,08/10/06,17:07:00,17:07:11,0:0:11,1,GreenTag,E:\Mes Projets\GreenTag\GreenTag.WDP
SOUFI,08/10/06,17:07:11,17:10:35,0:3:24,2,FEN_FindAFile,E:\Mes Projets\GreenTag\FEN_FindAFile.wdw
SOUFI,08/10/06,17:29:06,17:29:38,0:0:32,2,FEN_FindAFile,E:\Mes Projets\GreenTag\FEN_FindAFile.wdw
SOUFI,08/10/06,17:05:42,17:47:26,0:41:44,7,Procedures globales de GreenTag,E:\Mes Projets\GreenTag\Procedures globales de GreenTag.wdg
SOUFI,08/10/06,17:05:42,17:47:30,0:41:48,1,GreenTag,E:\Mes Projets\GreenTag\GreenTag.WDP
SOUFI,08/12/06,00:24:03,00:24:32,0:0:29,2,FEN_FindAFile,E:\Mes Projets\GreenTag\FEN_FindAFile.wdw
SOUFI,08/12/06,00:28:43,00:29:16,0:0:33,1,GreenTag,E:\Mes Projets\GreenTag\GreenTag.WDP
SOUFI,08/12/06,00:34:16,00:35:16,0:1:0,1,GreenTag,E:\Mes Projets\GreenTag\GreenTag.WDP
SOUFI,08/12/06,00:40:27,00:41:00,0:0:33,2,FEN_FindAFile,E:\Mes Projets\GreenTag\FEN_FindAFile.wdw
SOUFI,08/12/06,00:06:52,00:41:00,0:34:8,7,Procedures globales de GreenTag,E:\Mes Projets\GreenTag\Procedures globales de GreenTag.wdg
SOUFI,08/12/06,00:06:50,00:41:00,0:34:10,1,GreenTag,E:\Mes Projets\GreenTag\GreenTag.WDP
SOUFI,08/24/06,22:07:13,22:18:24,0:11:11,7,Procedures globales de GreenTag,E:\Mes Projets\GreenTag\Procedures globales de GreenTag.wdg
SOUFI,08/24/06,22:21:00,22:24:34,0:3:34,7,Procedures globales de GreenTag,E:\Mes Projets\GreenTag\Procedures globales de GreenTag.wdg
SOUFI,08/24/06,22:20:58,22:24:35,0:3:37,1,GreenTag,E:\Mes Projets\GreenTag\GreenTag.WDP
SOUFI,08/24/06,22:38:33,22:38:49,0:0:16,1,GreenTag,E:\Mes Projets\GreenTag\GreenTag.WDP
SOUFI,08/24/06,22:38:49,22:39:53,0:1:4,2,FEN_TagAFile,E:\Mes Projets\GreenTag\FEN_TagAFile.wdw
SOUFI,08/24/06,22:38:49,22:39:53,0:1:4,2,FEN_TagAFile,E:\Mes Projets\GreenTag\FEN_TagAFile.wdw
SOUFI,08/24/06,22:39:54,22:40:08,0:0:14,2,FEN_FindAFile,E:\Mes Projets\GreenTag\FEN_FindAFile.wdw
SOUFI,08/24/06,22:38:28,22:46:07,0:7:39,7,Procedures globales de GreenTag,E:\Mes Projets\GreenTag\Procedures globales de GreenTag.wdg
SOUFI,08/24/06,22:40:17,22:46:09,0:5:52,1,GreenTag,E:\Mes Projets\GreenTag\GreenTag.WDP
SOUFI,08/24/06,22:38:26,22:46:09,0:7:43,1,GreenTag,E:\Mes Projets\GreenTag\GreenTag.WDP
SOUFI,08/25/06,20:00:55,20:03:57,0:3:2,7,Procedures globales de GreenTag,E:\Mes Projets\GreenTag\Procedures globales de GreenTag.wdg
SOUFI,08/25/06,20:00:56,20:03:58,0:3:2,1,GreenTag,E:\Mes Projets\GreenTag\GreenTag.WDP
SOUFI,08/25/06,20:00:54,20:03:58,0:3:4,1,GreenTag,E:\Mes Projets\GreenTag\GreenTag.WDP
SOUFI,08/25/06,20:07:25,20:12:08,0:4:43,7,Procedures globales de GreenTag,E:\Mes Projets\GreenTag\Procedures globales de GreenTag.wdg
SOUFI,08/25/06,20:07:25,20:12:09,0:4:44,1,GreenTag,E:\Mes Projets\GreenTag\GreenTag.WDP
SOUFI,08/25/06,20:07:25,20:12:09,0:4:44,1,GreenTag,E:\Mes Projets\GreenTag\GreenTag.WDP
SOUFI,08/31/06,11:03:38,11:04:06,0:0:28,2,FEN_TagAFile,E:\Mes Projets\GreenTag\FEN_TagAFile.wdw
SOUFI,08/31/06,11:04:07,11:04:17,0:0:10,2,FEN_FindAFile,E:\Mes Projets\GreenTag\FEN_FindAFile.wdw
SOUFI,08/31/06,10:58:16,11:04:23,0:6:7,7,Procedures globales de GreenTag,E:\Mes Projets\GreenTag\Procedures globales de GreenTag.wdg
SOUFI,08/31/06,10:58:14,11:04:23,0:6:9,1,GreenTag,E:\Mes Projets\GreenTag\GreenTag.WDP
SOUFI,09/05/06,19:04:37,19:06:02,0:1:25,7,Procedures globales de GreenTag,E:\Mes Projets\GreenTag\Procedures globales de GreenTag.wdg
SOUFI,09/05/06,19:04:37,19:06:03,0:1:26,1,GreenTag,E:\Mes Projets\GreenTag\GreenTag.WDP
SOUFI,09/05/06,19:04:36,19:06:03,0:1:27,1,GreenTag,E:\Mes Projets\GreenTag\GreenTag.WDP
SOUFI,10/11/06,12:44:52,12:46:08,0:1:16,1,GreenTag,E:\Mes Projets\GreenTag\GreenTag.WDP
SOUFI,10/11/06,12:46:14,12:46:42,0:0:28,1,GreenTag,E:\Mes Projets\GreenTag\GreenTag.WDP
SOUFI,10/11/06,12:46:42,12:47:13,0:0:31,2,FEN_TagAFile,E:\Mes Projets\GreenTag\FEN_TagAFile.wdw
SOUFI,10/11/06,12:44:51,12:47:50,0:2:59,7,Procedures globales de GreenTag,E:\Mes Projets\GreenTag\Procedures globales de GreenTag.wdg
SOUFI,10/11/06,12:47:13,12:47:50,0:0:37,1,GreenTag,E:\Mes Projets\GreenTag\GreenTag.WDP
SOUFI,10/11/06,12:44:51,12:47:50,0:2:59,1,GreenTag,E:\Mes Projets\GreenTag\GreenTag.WDP
SOUFI,10/11/06,12:48:09,12:49:22,0:1:13,7,Procedures globales de GreenTag,E:\Mes Projets\GreenTag\Procedures globales de GreenTag.wdg
SOUFI,10/11/06,12:48:09,12:49:23,0:1:14,1,GreenTag,E:\Mes Projets\GreenTag\GreenTag.WDP
SOUFI,10/11/06,12:48:09,12:49:23,0:1:14,1,GreenTag,E:\Mes Projets\GreenTag\GreenTag.WDP
SOUFI,12/19/07,13:39:48,13:40:28,0:0:40,2,FEN_FindAFile,E:\Windev\Mes Projets\GreenTag\FEN_FindAFile.wdw
SOUFI,12/19/07,13:40:32,13:41:26,0:0:54,2,FEN_TagAFile,E:\Windev\Mes Projets\GreenTag\FEN_TagAFile.wdw
SOUFI,12/19/07,13:41:30,13:42:40,0:1:10,2,FEN_TagAFile,E:\Windev\Mes Projets\GreenTag\FEN_TagAFile.wdw
SOUFI,12/19/07,13:40:30,13:43:22,0:2:52,2,FEN_TagAFile,E:\Windev\Mes Projets\GreenTag\FEN_TagAFile.wdw
SOUFI,12/19/07,13:43:34,13:43:44,0:0:10,2,FEN_FindAFile,E:\Windev\Mes Projets\GreenTag\FEN_FindAFile.wdw
SOUFI,12/19/07,13:43:44,13:43:59,0:0:15,1,GreenTag,E:\Windev\Mes Projets\GreenTag\GreenTag.WDP
SOUFI,12/19/07,13:39:11,13:44:05,0:4:54,7,Procedures globales de GreenTag,E:\Windev\Mes Projets\GreenTag\Procedures globales de GreenTag.wdg
SOUFI,12/19/07,13:38:59,13:44:06,0:5:7,1,GreenTag,E:\Windev\Mes Projets\GreenTag\GreenTag.WDP
SOUFI,12/21/07,18:23:24,18:23:36,0:0:12,1,GreenTag,E:\Windev\Mes Projets\GreenTag\GreenTag.WDP
SOUFI,01/03/08,11:57:00,11:58:19,0:1:19,7,Procedures globales de GreenTag,E:\Windev\Mes Projets\GreenTag\Procedures globales de GreenTag.wdg
SOUFI,01/03/08,11:57:07,11:58:19,0:1:12,1,GreenTag,E:\Windev\Mes Projets\GreenTag\GreenTag.WDP
SOUFI,01/03/08,11:57:00,11:58:19,0:1:19,1,GreenTag,E:\Windev\Mes Projets\GreenTag\GreenTag.WDP
SOUFI,01/04/08,19:42:02,19:42:46,0:0:44,1,GreenTag,E:\Windev\Mes Projets\GreenTag\GreenTag.WDP
